<?xml version="1.0" encoding="UTF-8"?>
<Site BuildName="(empty)"
	BuildStamp="20240124-1057-Experimental"
	Name="(empty)"
	Generator="ctest-3.26.0-msvc3"
	CompilerName=""
	CompilerVersion=""
	OSName="Windows"
	Hostname="LAPTOP-CRED2G12"
	OSRelease=" Personal"
	OSVersion=" (Build 22631)"
	OSPlatform="AMD64"
	Is64Bits="1"
	VendorString="AuthenticAMD"
	VendorID="Advanced Micro Devices"
	FamilyID="15"
	ModelID="8"
	ProcessorCacheSize="64"
	NumberOfLogicalCPU="12"
	NumberOfPhysicalCPU="6"
	TotalVirtualMemory="15004"
	TotalPhysicalMemory="7502"
	LogicalProcessorsPerPhysical="2"
	ProcessorClockFrequency="2096"
	>
	<Testing>
		<StartDateTime>Jan 24 20:28 West Asia Standard Time</StartDateTime>
		<StartTestTime>1706110117</StartTestTime>
		<TestList>
			<Test>./tests/InvertedIndex.getWordCount</Test>
		</TestList>
		<Test Status="passed">
			<Name>InvertedIndex.getWordCount</Name>
			<Path>./tests</Path>
			<FullName>./tests/InvertedIndex.getWordCount</FullName>
			<FullCommandLine>C:\Users\HP\OneDrive\Documents\GitHub\Search_Engine_4\tests\GtestTests.exe "--gtest_filter=InvertedIndex.getWordCount" "--gtest_also_run_disabled_tests"</FullCommandLine>
			<Results>
				<NamedMeasurement type="numeric/double" name="Execution Time">
					<Value>0.0337138</Value>
				</NamedMeasurement>
				<NamedMeasurement type="numeric/double" name="Processors">
					<Value>1</Value>
				</NamedMeasurement>
				<NamedMeasurement type="text/string" name="Completion Status">
					<Value>Completed</Value>
				</NamedMeasurement>
				<NamedMeasurement type="text/string" name="Command Line">
					<Value>C:\Users\HP\OneDrive\Documents\GitHub\Search_Engine_4\tests\GtestTests.exe "--gtest_filter=InvertedIndex.getWordCount" "--gtest_also_run_disabled_tests"</Value>
				</NamedMeasurement>
				<NamedMeasurement type="text/string" name="Environment">
					<Value>#CTEST_RESOURCE_GROUP_COUNT=</Value>
				</NamedMeasurement>
				<Measurement>
					<Value encoding="base64" compression="gzip">eJyNkU1rwkAQhu/5FXM0h4QKPQkeikqUgkpS6SEbQj7GdCGZld3ZtD+/+RAxhYpzmmGe3XfemdASSaqgySTNXDhr1cBqIU4GtRHbozgQrrVsUaxVYRskNiKQvLW5iDDTxVe6oUoSpq8it7IuRVrixYhKqapGRsOe0cVdKYayz9Je0S8KZ68YFxAMCHx0HTjLmlHDEnbUomYsd1Tij18hfypdrpQlduLlLRIIrybmwMP73sQ1N1Yy+k7s3SKBoFZ5Vo99pFZqRb0zMMievfyB7/+czOPEEJ72METycNSRgcP7Qw5mL9AY90n1kQZWnNWu85w/7i7mleqbptv7b2ugM/KnOp2V41sUbda95ZH1nV+Bj78v====</Value>
				</Measurement>
			</Results>
		</Test>
		<EndDateTime>Jan 24 20:28 West Asia Standard Time</EndDateTime>
		<EndTestTime>1706110117</EndTestTime>
		<ElapsedMinutes>0</ElapsedMinutes>
	</Testing>
</Site>
