<?xml version="1.0" encoding="UTF-8"?>
<Site BuildName="(empty)"
	BuildStamp="20240119-1724-Experimental"
	Name="(empty)"
	Generator="ctest-3.26.0-msvc3"
	CompilerName=""
	CompilerVersion=""
	OSName="Windows"
	Hostname="LAPTOP-CRED2G12"
	OSRelease=" Personal"
	OSVersion=" (Build 22631)"
	OSPlatform="AMD64"
	Is64Bits="1"
	VendorString="AuthenticAMD"
	VendorID="Advanced Micro Devices"
	FamilyID="15"
	ModelID="8"
	ProcessorCacheSize="64"
	NumberOfLogicalCPU="12"
	NumberOfPhysicalCPU="6"
	TotalVirtualMemory="15004"
	TotalPhysicalMemory="7502"
	LogicalProcessorsPerPhysical="2"
	ProcessorClockFrequency="2096"
	>
	<Testing>
		<StartDateTime>Jan 19 22:24 West Asia Standard Time</StartDateTime>
		<StartTestTime>1705685052</StartTestTime>
		<TestList/>
		<EndDateTime>Jan 19 22:24 West Asia Standard Time</EndDateTime>
		<EndTestTime>1705685052</EndTestTime>
		<ElapsedMinutes>0</ElapsedMinutes>
	</Testing>
</Site>
